2024-12-05 10:08:45 [main] INFO  com.example.Main - 
Connecting to broker...
2024-12-05 10:08:45 [main] INFO  com.example.Main - 
Connected to broker!
2024-12-05 10:08:45 [main] INFO  com.example.Main - 
Subscribing to topic: data/#
2024-12-05 10:08:45 [main] INFO  com.example.Main - 
Type 'exit' to disconnect...
2024-12-05 10:08:47 [MQTT Call: JavaClientExample] INFO  com.example.Main - 
Ignoring message from topic data/s/nhnacademy/b/gyeongnam_campus/p/hive/d/24e124725d081175/sp/8인 책상/n/8인 책상/g/24e124fffef79304/e/lora because it ends with 'lora'
2024-12-05 10:08:47 [MQTT Call: JavaClientExample] INFO  com.example.Main - 
Ignoring message from topic data/s/nhnacademy/b/gyeongnam_campus/p/hive/d/24e124725d081175/sp/8인 책상/n/8인 책상/g/24e124fffef5dccc/e/lora because it ends with 'lora'
2024-12-05 10:08:52 [MQTT Call: JavaClientExample] INFO  com.example.Main - 
Ignoring message from topic data/s/nhnacademy/b/gyeongnam_campus/p/hive/d/24e124126c452091/sp/farm/n/스마트팜/g/24e124fffef79304/e/lora because it ends with 'lora'
2024-12-05 10:08:52 [MQTT Call: JavaClientExample] INFO  com.example.Main - 
Ignoring message from topic data/s/nhnacademy/b/gyeongnam_campus/p/hive/d/24e124126c452091/sp/farm/n/스마트팜/g/24e124fffef5dccc/e/lora because it ends with 'lora'
2024-12-05 10:09:11 [MQTT Call: JavaClientExample] INFO  com.example.Main - 
Ignoring message from topic data/s/nhnacademy/b/gyeongnam_campus/p/pair_room/d/24e124617d159573/n/2/g/24e124fffef79304/e/lora because it ends with 'lora'
2024-12-05 10:09:11 [MQTT Call: JavaClientExample] INFO  com.example.Main - 
Ignoring message from topic data/s/nhnacademy/b/gyeongnam_campus/p/pair_room/d/24e124617d159573/n/2/g/24e124fffef5dccc/e/lora because it ends with 'lora'
2024-12-05 10:09:17 [MQTT Call: JavaClientExample] INFO  com.example.Main - 
Ignoring message from topic data/s/nhnacademy/b/gyeongnam_campus/p/class_a/d/24e124128c067999/sp/입구/n/입구/g/24e124fffef79304/e/lora because it ends with 'lora'
2024-12-05 10:09:17 [MQTT Call: JavaClientExample] INFO  com.example.Main - 
Ignoring message from topic data/s/nhnacademy/b/gyeongnam_campus/p/class_a/d/24e124128c067999/sp/입구/n/입구/g/24e124fffef5dccc/e/lora because it ends with 'lora'
2024-12-05 10:09:20 [MQTT Call: JavaClientExample] INFO  com.example.Main - 
Ignoring message from topic data/s/nhnacademy/b/gyeongnam_campus/p/hive/d/24e124785c389010/n/정수기 위/g/24e124fffef5dccc/e/lora because it ends with 'lora'
2024-12-05 10:09:20 [MQTT Call: JavaClientExample] INFO  com.example.Main - 
Ignoring message from topic data/s/nhnacademy/b/gyeongnam_campus/p/hive/d/24e124785c389010/n/정수기 위/g/24e124fffef79304/e/lora because it ends with 'lora'
2024-12-05 10:09:24 [MQTT Call: JavaClientExample] INFO  com.example.Main - 
Ignoring message from topic data/s/nhnacademy/b/gyeongnam_campus/p/class_b/d/24e124141d229168/n/출입문/g/24e124fffef79304/e/lora because it ends with 'lora'
2024-12-05 10:09:24 [MQTT Call: JavaClientExample] INFO  com.example.Main - 
Ignoring message from topic data/s/nhnacademy/b/gyeongnam_campus/p/class_b/d/24e124141d229168/n/출입문/g/24e124fffef5dccc/e/lora because it ends with 'lora'
2024-12-05 10:09:24 [MQTT Call: JavaClientExample] INFO  com.example.Main - 
Ignoring message from topic data/s/nhnacademy/b/gyeongnam_campus/p/class_b/d/24e124141d229168/n/출입문/g/24e124fffef79304/e/lora because it ends with 'lora'
2024-12-05 10:09:35 [MQTT Call: JavaClientExample] INFO  com.example.Main - 
Ignoring message from topic data/s/nhnacademy/b/gyeongnam_campus/p/hive/d/24e124126d111937/sp/farm/n/스마트팜/g/24e124fffef5dccc/e/lora because it ends with 'lora'
2024-12-05 10:09:35 [MQTT Call: JavaClientExample] INFO  com.example.Main - 
Ignoring message from topic data/s/nhnacademy/b/gyeongnam_campus/p/hive/d/24e124126d111937/sp/farm/n/스마트팜/g/24e124fffef79304/e/lora because it ends with 'lora'
2024-12-05 10:09:35 [MQTT Call: JavaClientExample] INFO  com.example.Main - 
Ignoring message from topic data/s/nhnacademy/b/gyeongnam_campus/p/storage/d/24e124136d151547/n/입구/g/24e124fffef79304/e/lora because it ends with 'lora'
2024-12-05 10:09:35 [MQTT Call: JavaClientExample] INFO  com.example.Main - 
Ignoring message from topic data/s/nhnacademy/b/gyeongnam_campus/p/storage/d/24e124136d151547/n/입구/g/24e124fffef5dccc/e/lora because it ends with 'lora'
2024-12-05 10:09:36 [MQTT Call: JavaClientExample] INFO  com.example.Main - 
Ignoring message from topic data/s/nhnacademy/b/gyeongnam_campus/p/pair_room/d/24e124617d157233/n/3/g/24e124fffef5dccc/e/lora because it ends with 'lora'
2024-12-05 10:09:36 [MQTT Call: JavaClientExample] INFO  com.example.Main - 
Ignoring message from topic data/s/nhnacademy/b/gyeongnam_campus/p/pair_room/d/24e124617d157233/n/3/g/24e124fffef79304/e/lora because it ends with 'lora'
2024-12-05 10:09:42 [MQTT Call: JavaClientExample] INFO  com.example.Main - 
Ignoring message from topic data/s/nhnacademy/b/gyeongnam_campus/p/office/d/24e124785c384491/n/배전판 옆/g/24e124fffef5dccc/e/lora because it ends with 'lora'
2024-12-05 10:09:42 [MQTT Call: JavaClientExample] INFO  com.example.Main - 
Ignoring message from topic data/s/nhnacademy/b/gyeongnam_campus/p/office/d/24e124785c384491/n/배전판 옆/g/24e124fffef79304/e/lora because it ends with 'lora'
2024-12-05 10:09:42 [MQTT Call: JavaClientExample] INFO  com.example.Main - 
Ignoring message from topic data/s/nhnacademy/b/gyeongnam_campus/p/server_room/d/24e124136d151368/n/입구/g/24e124fffef79304/e/lora because it ends with 'lora'
2024-12-05 10:09:42 [MQTT Call: JavaClientExample] INFO  com.example.Main - 
Ignoring message from topic data/s/nhnacademy/b/gyeongnam_campus/p/server_room/d/24e124136d151368/n/입구/g/24e124fffef5dccc/e/lora because it ends with 'lora'
2024-12-05 10:09:44 [MQTT Call: JavaClientExample] INFO  com.example.Main - 
Ignoring message from topic data/s/nhnacademy/b/gyeongnam_campus/p/office/d/24e124126d152919/n/보드/g/24e124fffef5dccc/e/lora because it ends with 'lora'
2024-12-05 10:09:44 [MQTT Call: JavaClientExample] INFO  com.example.Main - 
Ignoring message from topic data/s/nhnacademy/b/gyeongnam_campus/p/office/d/24e124126d152919/n/보드/g/24e124fffef79304/e/lora because it ends with 'lora'
2024-12-05 10:09:44 [MQTT Call: JavaClientExample] INFO  com.example.Main - 
Ignoring message from topic data/s/nhnacademy/b/gyeongnam_campus/p/office/d/24e124126d152919/n/보드/g/24e124fffef5dccc/e/lora because it ends with 'lora'
2024-12-05 10:09:44 [MQTT Call: JavaClientExample] INFO  com.example.Main - 
Ignoring message from topic data/s/nhnacademy/b/gyeongnam_campus/p/hive/d/24e124725d081175/sp/8인 책상/n/8인 책상/g/24e124fffef79304/e/lora because it ends with 'lora'
2024-12-05 10:09:44 [MQTT Call: JavaClientExample] INFO  com.example.Main - 
Ignoring message from topic data/s/nhnacademy/b/gyeongnam_campus/p/hive/d/24e124725d081175/sp/8인 책상/n/8인 책상/g/24e124fffef5dccc/e/lora because it ends with 'lora'
2024-12-05 10:09:50 [MQTT Call: JavaClientExample] INFO  com.example.Main - 
Ignoring message from topic data/s/nhnacademy/b/gyeongnam_campus/p/class_b/d/24e124128c140101/n/입구/g/24e124fffef79304/e/lora because it ends with 'lora'
2024-12-05 10:09:50 [MQTT Call: JavaClientExample] INFO  com.example.Main - 
Ignoring message from topic data/s/nhnacademy/b/gyeongnam_campus/p/class_b/d/24e124128c140101/n/입구/g/24e124fffef5dccc/e/lora because it ends with 'lora'
2024-12-05 10:09:53 [MQTT Call: JavaClientExample] INFO  com.example.Main - 
Ignoring message from topic data/s/nhnacademy/b/gyeongnam_campus/p/hive/d/24e124126c452091/sp/farm/n/스마트팜/g/24e124fffef5dccc/e/lora because it ends with 'lora'
2024-12-05 10:09:53 [MQTT Call: JavaClientExample] INFO  com.example.Main - 
Ignoring message from topic data/s/nhnacademy/b/gyeongnam_campus/p/hive/d/24e124126c452091/sp/farm/n/스마트팜/g/24e124fffef79304/e/lora because it ends with 'lora'
2024-12-05 10:09:57 [MQTT Rec: JavaClientExample] INFO  com.example.Main - 
Connection lost: 연결 유실
2024-12-05 10:13:02 [main] INFO  com.example.Main - 
Connecting to broker...
2024-12-05 10:13:03 [main] INFO  com.example.Main - 
Connected to broker!
2024-12-05 10:13:03 [main] INFO  com.example.Main - 
Subscribing to topic: data/#
2024-12-05 10:13:03 [main] INFO  com.example.Main - 
Type 'exit' to disconnect...
2024-12-05 10:13:17 [MQTT Call: JavaClientExample] INFO  com.example.Main - 
Ignoring message from topic data/s/nhnacademy/b/gyeongnam_campus/p/class_a/d/24e124128c067999/sp/입구/n/입구/g/24e124fffef5dccc/e/lora because it ends with 'lora'
2024-12-05 10:13:17 [MQTT Call: JavaClientExample] INFO  com.example.Main - 
Ignoring message from topic data/s/nhnacademy/b/gyeongnam_campus/p/class_a/d/24e124128c067999/sp/입구/n/입구/g/24e124fffef79304/e/lora because it ends with 'lora'
2024-12-05 10:13:21 [MQTT Call: JavaClientExample] INFO  com.example.Main - 
Ignoring message from topic data/s/nhnacademy/b/gyeongnam_campus/p/hive/d/24e124785c389010/n/정수기 위/g/24e124fffef79304/e/lora because it ends with 'lora'
2024-12-05 10:13:31 [MQTT Call: JavaClientExample] INFO  com.example.Main - 
Ignoring message from topic data/s/nhnacademy/b/gyeongnam_campus/p/pair_room/d/24e124617d159573/n/2/g/24e124fffef79304/e/lora because it ends with 'lora'
2024-12-05 10:13:35 [MQTT Call: JavaClientExample] INFO  com.example.Main - 
Ignoring message from topic data/s/nhnacademy/b/gyeongnam_campus/p/storage/d/24e124136d151547/n/입구/g/24e124fffef79304/e/lora because it ends with 'lora'
2024-12-05 10:13:35 [MQTT Call: JavaClientExample] INFO  com.example.Main - 
Ignoring message from topic data/s/nhnacademy/b/gyeongnam_campus/p/storage/d/24e124136d151547/n/입구/g/24e124fffef5dccc/e/lora because it ends with 'lora'
2024-12-05 10:13:41 [MQTT Call: JavaClientExample] INFO  com.example.Main - 
Ignoring message from topic data/s/nhnacademy/b/gyeongnam_campus/p/undefined/d/24e124141d223697/n/출입문/g/24e124fffef5dccc/e/lora because it ends with 'lora'
2024-12-05 10:13:41 [MQTT Call: JavaClientExample] INFO  com.example.Main - 
Ignoring message from topic data/s/nhnacademy/b/gyeongnam_campus/p/undefined/d/24e124141d223697/n/출입문/g/24e124fffef79304/e/lora because it ends with 'lora'
2024-12-05 10:13:41 [MQTT Call: JavaClientExample] INFO  com.example.Main - 
Ignoring message from topic data/s/nhnacademy/b/gyeongnam_campus/p/hive/d/24e124126d111937/sp/farm/n/스마트팜/g/24e124fffef79304/e/lora because it ends with 'lora'
2024-12-05 10:13:41 [MQTT Call: JavaClientExample] INFO  com.example.Main - 
Ignoring message from topic data/s/nhnacademy/b/gyeongnam_campus/p/hive/d/24e124126d111937/sp/farm/n/스마트팜/g/24e124fffef5dccc/e/lora because it ends with 'lora'
2024-12-05 10:13:42 [MQTT Call: JavaClientExample] INFO  com.example.Main - 
Ignoring message from topic data/s/nhnacademy/b/gyeongnam_campus/p/office/d/24e124785c384491/n/배전판 옆/g/24e124fffef79304/e/lora because it ends with 'lora'
2024-12-05 10:13:42 [MQTT Call: JavaClientExample] INFO  com.example.Main - 
Ignoring message from topic data/s/nhnacademy/b/gyeongnam_campus/p/server_room/d/24e124136d151368/n/입구/g/24e124fffef5dccc/e/lora because it ends with 'lora'
2024-12-05 10:13:42 [MQTT Call: JavaClientExample] INFO  com.example.Main - 
Ignoring message from topic data/s/nhnacademy/b/gyeongnam_campus/p/server_room/d/24e124136d151368/n/입구/g/24e124fffef79304/e/lora because it ends with 'lora'
2024-12-05 10:13:48 [MQTT Call: JavaClientExample] INFO  com.example.Main - 
Ignoring message from topic data/s/nhnacademy/b/gyeongnam_campus/p/office/d/24e124126d152919/n/보드/g/24e124fffef79304/e/lora because it ends with 'lora'
2024-12-05 10:13:48 [MQTT Call: JavaClientExample] INFO  com.example.Main - 
Ignoring message from topic data/s/nhnacademy/b/gyeongnam_campus/p/office/d/24e124126d152919/n/보드/g/24e124fffef5dccc/e/lora because it ends with 'lora'
2024-12-05 10:13:48 [MQTT Call: JavaClientExample] INFO  com.example.Main - 
Ignoring message from topic data/s/nhnacademy/b/gyeongnam_campus/p/hive/d/24e124725d081175/sp/8인 책상/n/8인 책상/g/24e124fffef79304/e/lora because it ends with 'lora'
2024-12-05 10:13:48 [MQTT Call: JavaClientExample] INFO  com.example.Main - 
Ignoring message from topic data/s/nhnacademy/b/gyeongnam_campus/p/hive/d/24e124725d081175/sp/8인 책상/n/8인 책상/g/24e124fffef5dccc/e/lora because it ends with 'lora'
2024-12-05 10:13:55 [MQTT Call: JavaClientExample] INFO  com.example.Main - 
Ignoring message from topic data/s/nhnacademy/b/gyeongnam_campus/p/hive/d/24e124126c452091/sp/farm/n/스마트팜/g/24e124fffef79304/e/lora because it ends with 'lora'
2024-12-05 10:13:55 [MQTT Call: JavaClientExample] INFO  com.example.Main - 
Ignoring message from topic data/s/nhnacademy/b/gyeongnam_campus/p/hive/d/24e124126c452091/sp/farm/n/스마트팜/g/24e124fffef5dccc/e/lora because it ends with 'lora'
2024-12-05 10:13:56 [MQTT Call: JavaClientExample] INFO  com.example.Main - 
Ignoring message from topic data/s/nhnacademy/b/gyeongnam_campus/p/pair_room/d/24e124617d157233/n/3/g/24e124fffef79304/e/lora because it ends with 'lora'
2024-12-05 10:13:56 [MQTT Call: JavaClientExample] INFO  com.example.Main - 
Ignoring message from topic data/s/nhnacademy/b/gyeongnam_campus/p/pair_room/d/24e124617d157233/n/3/g/24e124fffef5dccc/e/lora because it ends with 'lora'
2024-12-05 10:14:17 [MQTT Call: JavaClientExample] INFO  com.example.Main - 
Ignoring message from topic data/s/nhnacademy/b/gyeongnam_campus/p/class_a/d/24e124128c067999/sp/입구/n/입구/g/24e124fffef79304/e/lora because it ends with 'lora'
2024-12-05 10:14:17 [MQTT Call: JavaClientExample] INFO  com.example.Main - 
Ignoring message from topic data/s/nhnacademy/b/gyeongnam_campus/p/class_a/d/24e124128c067999/sp/입구/n/입구/g/24e124fffef5dccc/e/lora because it ends with 'lora'
2024-12-05 10:14:17 [MQTT Call: JavaClientExample] INFO  com.example.Main - 
Ignoring message from topic data/s/nhnacademy/b/gyeongnam_campus/p/class_a/d/24e124128c067999/sp/입구/n/입구/g/24e124fffef79304/e/lora because it ends with 'lora'
2024-12-05 10:14:21 [MQTT Call: JavaClientExample] INFO  com.example.Main - 
Ignoring message from topic data/s/nhnacademy/b/gyeongnam_campus/p/hive/d/24e124785c389010/n/정수기 위/g/24e124fffef79304/e/lora because it ends with 'lora'
2024-12-05 10:14:21 [MQTT Call: JavaClientExample] INFO  com.example.Main - 
Ignoring message from topic data/s/nhnacademy/b/gyeongnam_campus/p/hive/d/24e124785c389010/n/정수기 위/g/24e124fffef5dccc/e/lora because it ends with 'lora'
2024-12-05 10:14:35 [MQTT Call: JavaClientExample] INFO  com.example.Main - 
Ignoring message from topic data/s/nhnacademy/b/gyeongnam_campus/p/storage/d/24e124136d151547/n/입구/g/24e124fffef79304/e/lora because it ends with 'lora'
2024-12-05 10:14:35 [MQTT Call: JavaClientExample] INFO  com.example.Main - 
Ignoring message from topic data/s/nhnacademy/b/gyeongnam_campus/p/storage/d/24e124136d151547/n/입구/g/24e124fffef5dccc/e/lora because it ends with 'lora'
2024-12-05 10:14:36 [MQTT Call: JavaClientExample] INFO  com.example.Main - 
Ignoring message from topic data/s/nhnacademy/b/gyeongnam_campus/p/pair_room/d/24e124617d159573/n/2/g/24e124fffef79304/e/lora because it ends with 'lora'
2024-12-05 10:14:42 [MQTT Call: JavaClientExample] INFO  com.example.Main - 
Ignoring message from topic data/s/nhnacademy/b/gyeongnam_campus/p/office/d/24e124785c384491/n/배전판 옆/g/24e124fffef5dccc/e/lora because it ends with 'lora'
2024-12-05 10:14:42 [MQTT Call: JavaClientExample] INFO  com.example.Main - 
Ignoring message from topic data/s/nhnacademy/b/gyeongnam_campus/p/office/d/24e124785c384491/n/배전판 옆/g/24e124fffef79304/e/lora because it ends with 'lora'
2024-12-05 10:14:42 [MQTT Call: JavaClientExample] INFO  com.example.Main - 
Ignoring message from topic data/s/nhnacademy/b/gyeongnam_campus/p/server_room/d/24e124136d151368/n/입구/g/24e124fffef5dccc/e/lora because it ends with 'lora'
2024-12-05 10:14:42 [MQTT Call: JavaClientExample] INFO  com.example.Main - 
Ignoring message from topic data/s/nhnacademy/b/gyeongnam_campus/p/server_room/d/24e124136d151368/n/입구/g/24e124fffef79304/e/lora because it ends with 'lora'
2024-12-05 10:14:42 [MQTT Call: JavaClientExample] INFO  com.example.Main - 
Ignoring message from topic data/s/nhnacademy/b/gyeongnam_campus/p/hive/d/24e124126d111937/sp/farm/n/스마트팜/g/24e124fffef79304/e/lora because it ends with 'lora'
2024-12-05 10:14:42 [MQTT Call: JavaClientExample] INFO  com.example.Main - 
Ignoring message from topic data/s/nhnacademy/b/gyeongnam_campus/p/hive/d/24e124126d111937/sp/farm/n/스마트팜/g/24e124fffef5dccc/e/lora because it ends with 'lora'
2024-12-05 10:14:46 [MQTT Call: JavaClientExample] INFO  com.example.Main - 
Ignoring message from topic data/s/nhnacademy/b/gyeongnam_campus/p/hive/d/24e124725d081175/sp/8인 책상/n/8인 책상/g/24e124fffef5dccc/e/lora because it ends with 'lora'
2024-12-05 10:14:46 [MQTT Call: JavaClientExample] INFO  com.example.Main - 
Ignoring message from topic data/s/nhnacademy/b/gyeongnam_campus/p/hive/d/24e124725d081175/sp/8인 책상/n/8인 책상/g/24e124fffef79304/e/lora because it ends with 'lora'
2024-12-05 10:14:50 [MQTT Call: JavaClientExample] INFO  com.example.Main - 
Ignoring message from topic data/s/nhnacademy/b/gyeongnam_campus/p/class_a/d/24e124126d152969/n/왼쪽 뒤/g/24e124fffef5dccc/e/lora because it ends with 'lora'
2024-12-05 10:14:50 [MQTT Call: JavaClientExample] INFO  com.example.Main - 
Ignoring message from topic data/s/nhnacademy/b/gyeongnam_campus/p/class_a/d/24e124126d152969/n/왼쪽 뒤/g/24e124fffef79304/e/lora because it ends with 'lora'
2024-12-05 10:14:50 [MQTT Call: JavaClientExample] INFO  com.example.Main - 
Ignoring message from topic data/s/nhnacademy/b/gyeongnam_campus/p/pair_room/d/24e124136d151485/n/안쪽 분리벽/g/24e124fffef5dccc/e/lora because it ends with 'lora'
2024-12-05 10:14:50 [MQTT Call: JavaClientExample] INFO  com.example.Main - 
Ignoring message from topic data/s/nhnacademy/b/gyeongnam_campus/p/pair_room/d/24e124136d151485/n/안쪽 분리벽/g/24e124fffef79304/e/lora because it ends with 'lora'
2024-12-05 10:14:50 [MQTT Call: JavaClientExample] INFO  com.example.Main - 
Ignoring message from topic data/s/nhnacademy/b/gyeongnam_campus/p/pair_room/d/24e124136d151485/n/안쪽 분리벽/g/24e124fffef79304/e/lora because it ends with 'lora'
2024-12-05 10:14:56 [MQTT Call: JavaClientExample] INFO  com.example.Main - 
Ignoring message from topic data/s/nhnacademy/b/gyeongnam_campus/p/hive/d/24e124126c452091/sp/farm/n/스마트팜/g/24e124fffef79304/e/lora because it ends with 'lora'
2024-12-05 10:14:56 [MQTT Call: JavaClientExample] INFO  com.example.Main - 
Ignoring message from topic data/s/nhnacademy/b/gyeongnam_campus/p/hive/d/24e124126c452091/sp/farm/n/스마트팜/g/24e124fffef79304/e/lora because it ends with 'lora'
2024-12-05 10:14:56 [MQTT Call: JavaClientExample] INFO  com.example.Main - 
Ignoring message from topic data/s/nhnacademy/b/gyeongnam_campus/p/hive/d/24e124126c452091/sp/farm/n/스마트팜/g/24e124fffef5dccc/e/lora because it ends with 'lora'
2024-12-05 10:15:01 [MQTT Call: JavaClientExample] INFO  com.example.Main - 
Ignoring message from topic data/s/nhnacademy/b/gyeongnam_campus/p/pair_room/d/24e124617d157233/n/3/g/24e124fffef79304/e/lora because it ends with 'lora'
2024-12-05 10:15:01 [MQTT Call: JavaClientExample] INFO  com.example.Main - 
Ignoring message from topic data/s/nhnacademy/b/gyeongnam_campus/p/pair_room/d/24e124617d157233/n/3/g/24e124fffef5dccc/e/lora because it ends with 'lora'
2024-12-05 10:15:01 [MQTT Call: JavaClientExample] INFO  com.example.Main - 
Ignoring message from topic data/s/nhnacademy/b/gyeongnam_campus/p/pair_room/d/24e124617d157233/n/3/g/24e124fffef79304/e/lora because it ends with 'lora'
2024-12-05 10:15:01 [MQTT Call: JavaClientExample] INFO  com.example.Main - 
Ignoring message from topic data/s/nhnacademy/b/gyeongnam_campus/p/pair_room/d/24e124617d157233/n/3/g/24e124fffef5dccc/e/lora because it ends with 'lora'
2024-12-05 10:15:17 [MQTT Call: JavaClientExample] INFO  com.example.Main - 
Ignoring message from topic data/s/nhnacademy/b/gyeongnam_campus/p/class_a/d/24e124128c067999/sp/입구/n/입구/g/24e124fffef79304/e/lora because it ends with 'lora'
2024-12-05 10:15:17 [MQTT Call: JavaClientExample] INFO  com.example.Main - 
Ignoring message from topic data/s/nhnacademy/b/gyeongnam_campus/p/class_a/d/24e124128c067999/sp/입구/n/입구/g/24e124fffef5dccc/e/lora because it ends with 'lora'
2024-12-05 10:15:20 [MQTT Call: JavaClientExample] INFO  com.example.Main - 
Ignoring message from topic data/s/nhnacademy/b/gyeongnam_campus/p/hive/d/24e124785c389010/n/정수기 위/g/24e124fffef5dccc/e/lora because it ends with 'lora'
2024-12-05 10:15:20 [MQTT Call: JavaClientExample] INFO  com.example.Main - 
Ignoring message from topic data/s/nhnacademy/b/gyeongnam_campus/p/hive/d/24e124785c389010/n/정수기 위/g/24e124fffef79304/e/lora because it ends with 'lora'
2024-12-05 10:15:29 [main] INFO  com.example.Main - 
Connecting to broker...
2024-12-05 10:15:29 [main] INFO  com.example.Main - 
Connected to broker!
2024-12-05 10:15:29 [main] INFO  com.example.Main - 
Subscribing to topic: data/#
2024-12-05 10:15:29 [main] INFO  com.example.Main - 
Type 'exit' to disconnect...
2024-12-05 10:15:35 [MQTT Call: JavaClientExample] INFO  com.example.Main - 
Ignoring message from topic data/s/nhnacademy/b/gyeongnam_campus/p/storage/d/24e124136d151547/n/입구/g/24e124fffef5dccc/e/lora because it ends with 'lora'
2024-12-05 10:15:35 [MQTT Call: JavaClientExample] INFO  com.example.Main - 
Ignoring message from topic data/s/nhnacademy/b/gyeongnam_campus/p/storage/d/24e124136d151547/n/입구/g/24e124fffef79304/e/lora because it ends with 'lora'
2024-12-05 10:15:41 [MQTT Call: JavaClientExample] INFO  com.example.Main - 
Ignoring message from topic data/s/nhnacademy/b/gyeongnam_campus/p/pair_room/d/24e124617d159573/n/2/g/24e124fffef5dccc/e/lora because it ends with 'lora'
2024-12-05 10:15:41 [MQTT Call: JavaClientExample] INFO  com.example.Main - 
Ignoring message from topic data/s/nhnacademy/b/gyeongnam_campus/p/pair_room/d/24e124617d159573/n/2/g/24e124fffef79304/e/lora because it ends with 'lora'
2024-12-05 10:15:42 [MQTT Call: JavaClientExample] INFO  com.example.Main - 
Ignoring message from topic data/s/nhnacademy/b/gyeongnam_campus/p/office/d/24e124785c384491/n/배전판 옆/g/24e124fffef79304/e/lora because it ends with 'lora'
2024-12-05 10:15:42 [MQTT Call: JavaClientExample] INFO  com.example.Main - 
Ignoring message from topic data/s/nhnacademy/b/gyeongnam_campus/p/office/d/24e124785c384491/n/배전판 옆/g/24e124fffef5dccc/e/lora because it ends with 'lora'
2024-12-05 10:15:42 [MQTT Call: JavaClientExample] INFO  com.example.Main - 
Ignoring message from topic data/s/nhnacademy/b/gyeongnam_campus/p/server_room/d/24e124136d151368/n/입구/g/24e124fffef79304/e/lora because it ends with 'lora'
2024-12-05 10:15:42 [MQTT Call: JavaClientExample] INFO  com.example.Main - 
Ignoring message from topic data/s/nhnacademy/b/gyeongnam_campus/p/server_room/d/24e124136d151368/n/입구/g/24e124fffef5dccc/e/lora because it ends with 'lora'
2024-12-05 10:15:44 [MQTT Call: JavaClientExample] INFO  com.example.Main - 
Ignoring message from topic data/s/nhnacademy/b/gyeongnam_campus/p/hive/d/24e124126d111937/sp/farm/n/스마트팜/g/24e124fffef5dccc/e/lora because it ends with 'lora'
2024-12-05 10:15:44 [MQTT Call: JavaClientExample] INFO  com.example.Main - 
Ignoring message from topic data/s/nhnacademy/b/gyeongnam_campus/p/hive/d/24e124126d111937/sp/farm/n/스마트팜/g/24e124fffef79304/e/lora because it ends with 'lora'
2024-12-05 10:15:45 [MQTT Call: JavaClientExample] INFO  com.example.Main - 
Ignoring message from topic data/s/nhnacademy/b/gyeongnam_campus/p/hive/d/24e124725d081175/sp/8인 책상/n/8인 책상/g/24e124fffef5dccc/e/lora because it ends with 'lora'
2024-12-05 10:15:45 [MQTT Call: JavaClientExample] INFO  com.example.Main - 
Ignoring message from topic data/s/nhnacademy/b/gyeongnam_campus/p/hive/d/24e124725d081175/sp/8인 책상/n/8인 책상/g/24e124fffef79304/e/lora because it ends with 'lora'
2024-12-05 10:15:50 [MQTT Call: JavaClientExample] INFO  com.example.Main - 
Ignoring message from topic data/s/nhnacademy/b/gyeongnam_campus/p/office/d/24e124126d152919/n/보드/g/24e124fffef5dccc/e/lora because it ends with 'lora'
2024-12-05 10:15:50 [MQTT Call: JavaClientExample] INFO  com.example.Main - 
Ignoring message from topic data/s/nhnacademy/b/gyeongnam_campus/p/office/d/24e124126d152919/n/보드/g/24e124fffef79304/e/lora because it ends with 'lora'
2024-12-05 10:15:57 [MQTT Call: JavaClientExample] INFO  com.example.Main - 
Ignoring message from topic data/s/nhnacademy/b/gyeongnam_campus/p/hive/d/24e124126c452091/sp/farm/n/스마트팜/g/24e124fffef5dccc/e/lora because it ends with 'lora'
2024-12-05 10:15:57 [MQTT Call: JavaClientExample] INFO  com.example.Main - 
Ignoring message from topic data/s/nhnacademy/b/gyeongnam_campus/p/hive/d/24e124126c452091/sp/farm/n/스마트팜/g/24e124fffef79304/e/lora because it ends with 'lora'
2024-12-05 10:16:06 [MQTT Call: JavaClientExample] INFO  com.example.Main - 
Ignoring message from topic data/s/nhnacademy/b/gyeongnam_campus/p/pair_room/d/24e124617d157233/n/3/g/24e124fffef79304/e/lora because it ends with 'lora'
2024-12-05 10:16:06 [MQTT Call: JavaClientExample] INFO  com.example.Main - 
Ignoring message from topic data/s/nhnacademy/b/gyeongnam_campus/p/pair_room/d/24e124617d157233/n/3/g/24e124fffef5dccc/e/lora because it ends with 'lora'
2024-12-05 10:16:06 [MQTT Call: JavaClientExample] INFO  com.example.Main - 
Ignoring message from topic data/s/nhnacademy/b/gyeongnam_campus/p/pair_room/d/24e124617d157233/n/3/g/24e124fffef79304/e/lora because it ends with 'lora'
2024-12-05 10:16:17 [MQTT Call: JavaClientExample] INFO  com.example.Main - 
Ignoring message from topic data/s/nhnacademy/b/gyeongnam_campus/p/class_a/d/24e124128c067999/sp/입구/n/입구/g/24e124fffef79304/e/lora because it ends with 'lora'
2024-12-05 10:16:17 [MQTT Call: JavaClientExample] INFO  com.example.Main - 
Ignoring message from topic data/s/nhnacademy/b/gyeongnam_campus/p/class_a/d/24e124128c067999/sp/입구/n/입구/g/24e124fffef5dccc/e/lora because it ends with 'lora'
2024-12-05 10:16:17 [MQTT Call: JavaClientExample] INFO  com.example.Main - 
Ignoring message from topic data/s/nhnacademy/b/gyeongnam_campus/p/class_a/d/24e124128c067999/sp/입구/n/입구/g/24e124fffef79304/e/lora because it ends with 'lora'
2024-12-05 10:16:21 [MQTT Call: JavaClientExample] INFO  com.example.Main - 
Ignoring message from topic data/s/nhnacademy/b/gyeongnam_campus/p/hive/d/24e124785c389010/n/정수기 위/g/24e124fffef5dccc/e/lora because it ends with 'lora'
2024-12-05 10:16:21 [MQTT Call: JavaClientExample] INFO  com.example.Main - 
Ignoring message from topic data/s/nhnacademy/b/gyeongnam_campus/p/hive/d/24e124785c389010/n/정수기 위/g/24e124fffef79304/e/lora because it ends with 'lora'
2024-12-05 10:16:35 [MQTT Call: JavaClientExample] INFO  com.example.Main - 
Ignoring message from topic data/s/nhnacademy/b/gyeongnam_campus/p/storage/d/24e124136d151547/n/입구/g/24e124fffef79304/e/lora because it ends with 'lora'
2024-12-05 10:16:35 [MQTT Call: JavaClientExample] INFO  com.example.Main - 
Ignoring message from topic data/s/nhnacademy/b/gyeongnam_campus/p/storage/d/24e124136d151547/n/입구/g/24e124fffef5dccc/e/lora because it ends with 'lora'
2024-12-05 10:16:42 [MQTT Call: JavaClientExample] INFO  com.example.Main - 
Ignoring message from topic data/s/nhnacademy/b/gyeongnam_campus/p/office/d/24e124785c384491/n/배전판 옆/g/24e124fffef5dccc/e/lora because it ends with 'lora'
2024-12-05 10:16:42 [MQTT Call: JavaClientExample] INFO  com.example.Main - 
Ignoring message from topic data/s/nhnacademy/b/gyeongnam_campus/p/office/d/24e124785c384491/n/배전판 옆/g/24e124fffef79304/e/lora because it ends with 'lora'
2024-12-05 10:16:42 [MQTT Call: JavaClientExample] INFO  com.example.Main - 
Ignoring message from topic data/s/nhnacademy/b/gyeongnam_campus/p/server_room/d/24e124136d151368/n/입구/g/24e124fffef5dccc/e/lora because it ends with 'lora'
2024-12-05 10:16:42 [MQTT Call: JavaClientExample] INFO  com.example.Main - 
Ignoring message from topic data/s/nhnacademy/b/gyeongnam_campus/p/server_room/d/24e124136d151368/n/입구/g/24e124fffef79304/e/lora because it ends with 'lora'
2024-12-05 10:16:44 [MQTT Call: JavaClientExample] INFO  com.example.Main - 
Ignoring message from topic data/s/nhnacademy/b/gyeongnam_campus/p/hive/d/24e124725d081175/sp/8인 책상/n/8인 책상/g/24e124fffef5dccc/e/lora because it ends with 'lora'
2024-12-05 10:16:44 [MQTT Call: JavaClientExample] INFO  com.example.Main - 
Ignoring message from topic data/s/nhnacademy/b/gyeongnam_campus/p/hive/d/24e124725d081175/sp/8인 책상/n/8인 책상/g/24e124fffef79304/e/lora because it ends with 'lora'
2024-12-05 10:16:45 [MQTT Call: JavaClientExample] INFO  com.example.Main - 
Ignoring message from topic data/s/nhnacademy/b/gyeongnam_campus/p/hive/d/24e124126d111937/sp/farm/n/스마트팜/g/24e124fffef79304/e/lora because it ends with 'lora'
2024-12-05 10:16:45 [MQTT Call: JavaClientExample] INFO  com.example.Main - 
Ignoring message from topic data/s/nhnacademy/b/gyeongnam_campus/p/hive/d/24e124126d111937/sp/farm/n/스마트팜/g/24e124fffef5dccc/e/lora because it ends with 'lora'
2024-12-05 10:16:46 [MQTT Call: JavaClientExample] INFO  com.example.Main - 
Ignoring message from topic data/s/nhnacademy/b/gyeongnam_campus/p/pair_room/d/24e124617d159573/n/2/g/24e124fffef5dccc/e/lora because it ends with 'lora'
2024-12-05 10:16:46 [MQTT Call: JavaClientExample] INFO  com.example.Main - 
Ignoring message from topic data/s/nhnacademy/b/gyeongnam_campus/p/pair_room/d/24e124617d159573/n/2/g/24e124fffef79304/e/lora because it ends with 'lora'
2024-12-05 10:16:52 [MQTT Call: JavaClientExample] INFO  com.example.Main - 
Ignoring message from topic data/s/nhnacademy/b/gyeongnam_campus/p/class_a/d/24e124126d152969/n/왼쪽 뒤/g/24e124fffef79304/e/lora because it ends with 'lora'
2024-12-05 10:16:52 [MQTT Call: JavaClientExample] INFO  com.example.Main - 
Ignoring message from topic data/s/nhnacademy/b/gyeongnam_campus/p/class_a/d/24e124126d152969/n/왼쪽 뒤/g/24e124fffef5dccc/e/lora because it ends with 'lora'
2024-12-05 10:16:52 [MQTT Call: JavaClientExample] INFO  com.example.Main - 
Ignoring message from topic data/s/nhnacademy/b/gyeongnam_campus/p/class_a/d/24e124126d152969/n/왼쪽 뒤/g/24e124fffef79304/e/lora because it ends with 'lora'
2024-12-05 10:16:57 [MQTT Call: JavaClientExample] INFO  com.example.Main - 
Ignoring message from topic data/s/nhnacademy/b/gyeongnam_campus/p/hive/d/24e124126c452091/sp/farm/n/스마트팜/g/24e124fffef79304/e/lora because it ends with 'lora'
2024-12-05 10:16:57 [MQTT Call: JavaClientExample] INFO  com.example.Main - 
Ignoring message from topic data/s/nhnacademy/b/gyeongnam_campus/p/hive/d/24e124126c452091/sp/farm/n/스마트팜/g/24e124fffef5dccc/e/lora because it ends with 'lora'
2024-12-05 10:17:11 [MQTT Call: JavaClientExample] INFO  com.example.Main - 
Ignoring message from topic data/s/nhnacademy/b/gyeongnam_campus/p/pair_room/d/24e124617d157233/n/3/g/24e124fffef79304/e/lora because it ends with 'lora'
2024-12-05 10:17:11 [MQTT Call: JavaClientExample] INFO  com.example.Main - 
Ignoring message from topic data/s/nhnacademy/b/gyeongnam_campus/p/pair_room/d/24e124617d157233/n/3/g/24e124fffef79304/e/lora because it ends with 'lora'
2024-12-05 10:17:11 [MQTT Call: JavaClientExample] INFO  com.example.Main - 
Ignoring message from topic data/s/nhnacademy/b/gyeongnam_campus/p/pair_room/d/24e124617d157233/n/3/g/24e124fffef5dccc/e/lora because it ends with 'lora'
2024-12-05 10:17:17 [MQTT Call: JavaClientExample] INFO  com.example.Main - 
Ignoring message from topic data/s/nhnacademy/b/gyeongnam_campus/p/class_a/d/24e124128c067999/sp/입구/n/입구/g/24e124fffef79304/e/lora because it ends with 'lora'
2024-12-05 10:17:17 [MQTT Call: JavaClientExample] INFO  com.example.Main - 
Ignoring message from topic data/s/nhnacademy/b/gyeongnam_campus/p/class_a/d/24e124128c067999/sp/입구/n/입구/g/24e124fffef5dccc/e/lora because it ends with 'lora'
2024-12-05 10:17:20 [MQTT Call: JavaClientExample] INFO  com.example.Main - 
Ignoring message from topic data/s/nhnacademy/b/gyeongnam_campus/p/hive/d/24e124785c389010/n/정수기 위/g/24e124fffef79304/e/lora because it ends with 'lora'
2024-12-05 10:17:20 [MQTT Call: JavaClientExample] INFO  com.example.Main - 
Ignoring message from topic data/s/nhnacademy/b/gyeongnam_campus/p/hive/d/24e124785c389010/n/정수기 위/g/24e124fffef5dccc/e/lora because it ends with 'lora'
2024-12-05 10:17:35 [MQTT Call: JavaClientExample] INFO  com.example.Main - 
Ignoring message from topic data/s/nhnacademy/b/gyeongnam_campus/p/storage/d/24e124136d151547/n/입구/g/24e124fffef5dccc/e/lora because it ends with 'lora'
2024-12-05 10:17:35 [MQTT Call: JavaClientExample] INFO  com.example.Main - 
Ignoring message from topic data/s/nhnacademy/b/gyeongnam_campus/p/storage/d/24e124136d151547/n/입구/g/24e124fffef79304/e/lora because it ends with 'lora'
2024-12-05 10:17:42 [MQTT Call: JavaClientExample] INFO  com.example.Main - 
Ignoring message from topic data/s/nhnacademy/b/gyeongnam_campus/p/office/d/24e124785c384491/n/배전판 옆/g/24e124fffef79304/e/lora because it ends with 'lora'
2024-12-05 10:17:42 [MQTT Call: JavaClientExample] INFO  com.example.Main - 
Ignoring message from topic data/s/nhnacademy/b/gyeongnam_campus/p/office/d/24e124785c384491/n/배전판 옆/g/24e124fffef5dccc/e/lora because it ends with 'lora'
2024-12-05 10:17:42 [MQTT Call: JavaClientExample] INFO  com.example.Main - 
Ignoring message from topic data/s/nhnacademy/b/gyeongnam_campus/p/server_room/d/24e124136d151368/n/입구/g/24e124fffef79304/e/lora because it ends with 'lora'
2024-12-05 10:17:42 [MQTT Call: JavaClientExample] INFO  com.example.Main - 
Ignoring message from topic data/s/nhnacademy/b/gyeongnam_campus/p/server_room/d/24e124136d151368/n/입구/g/24e124fffef5dccc/e/lora because it ends with 'lora'
2024-12-05 10:17:45 [MQTT Call: JavaClientExample] INFO  com.example.Main - 
Ignoring message from topic data/s/nhnacademy/b/gyeongnam_campus/p/hive/d/24e124725d081175/sp/8인 책상/n/8인 책상/g/24e124fffef79304/e/lora because it ends with 'lora'
2024-12-05 10:17:45 [MQTT Call: JavaClientExample] INFO  com.example.Main - 
Ignoring message from topic data/s/nhnacademy/b/gyeongnam_campus/p/hive/d/24e124725d081175/sp/8인 책상/n/8인 책상/g/24e124fffef5dccc/e/lora because it ends with 'lora'
2024-12-05 10:17:47 [MQTT Call: JavaClientExample] INFO  com.example.Main - 
Ignoring message from topic data/s/nhnacademy/b/gyeongnam_campus/p/hive/d/24e124126d111937/sp/farm/n/스마트팜/g/24e124fffef5dccc/e/lora because it ends with 'lora'
2024-12-05 10:17:47 [MQTT Call: JavaClientExample] INFO  com.example.Main - 
Ignoring message from topic data/s/nhnacademy/b/gyeongnam_campus/p/hive/d/24e124126d111937/sp/farm/n/스마트팜/g/24e124fffef79304/e/lora because it ends with 'lora'
2024-12-05 10:17:51 [MQTT Call: JavaClientExample] INFO  com.example.Main - 
Ignoring message from topic data/s/nhnacademy/b/gyeongnam_campus/p/pair_room/d/24e124617d159573/n/2/g/24e124fffef79304/e/lora because it ends with 'lora'
2024-12-05 10:17:51 [MQTT Call: JavaClientExample] INFO  com.example.Main - 
Ignoring message from topic data/s/nhnacademy/b/gyeongnam_campus/p/pair_room/d/24e124617d159573/n/2/g/24e124fffef5dccc/e/lora because it ends with 'lora'
2024-12-05 10:17:51 [MQTT Call: JavaClientExample] INFO  com.example.Main - 
Ignoring message from topic data/s/nhnacademy/b/gyeongnam_campus/p/office/d/24e124126d152919/n/보드/g/24e124fffef5dccc/e/lora because it ends with 'lora'
2024-12-05 10:17:51 [MQTT Call: JavaClientExample] INFO  com.example.Main - 
Ignoring message from topic data/s/nhnacademy/b/gyeongnam_campus/p/office/d/24e124126d152919/n/보드/g/24e124fffef79304/e/lora because it ends with 'lora'
2024-12-05 10:17:58 [MQTT Call: JavaClientExample] INFO  com.example.Main - 
Ignoring message from topic data/s/nhnacademy/b/gyeongnam_campus/p/hive/d/24e124126c452091/sp/farm/n/스마트팜/g/24e124fffef5dccc/e/lora because it ends with 'lora'
2024-12-05 10:17:58 [MQTT Call: JavaClientExample] INFO  com.example.Main - 
Ignoring message from topic data/s/nhnacademy/b/gyeongnam_campus/p/hive/d/24e124126c452091/sp/farm/n/스마트팜/g/24e124fffef79304/e/lora because it ends with 'lora'
2024-12-05 10:18:17 [MQTT Call: JavaClientExample] INFO  com.example.Main - 
Ignoring message from topic data/s/nhnacademy/b/gyeongnam_campus/p/pair_room/d/24e124617d157233/n/3/g/24e124fffef5dccc/e/lora because it ends with 'lora'
2024-12-05 10:18:17 [MQTT Call: JavaClientExample] INFO  com.example.Main - 
Ignoring message from topic data/s/nhnacademy/b/gyeongnam_campus/p/pair_room/d/24e124617d157233/n/3/g/24e124fffef79304/e/lora because it ends with 'lora'
2024-12-05 10:18:17 [MQTT Call: JavaClientExample] INFO  com.example.Main - 
Ignoring message from topic data/s/nhnacademy/b/gyeongnam_campus/p/pair_room/d/24e124617d157233/n/3/g/24e124fffef5dccc/e/lora because it ends with 'lora'
2024-12-05 10:18:17 [MQTT Call: JavaClientExample] INFO  com.example.Main - 
Ignoring message from topic data/s/nhnacademy/b/gyeongnam_campus/p/class_a/d/24e124128c067999/sp/입구/n/입구/g/24e124fffef5dccc/e/lora because it ends with 'lora'
2024-12-05 10:18:17 [MQTT Call: JavaClientExample] INFO  com.example.Main - 
Ignoring message from topic data/s/nhnacademy/b/gyeongnam_campus/p/class_a/d/24e124128c067999/sp/입구/n/입구/g/24e124fffef79304/e/lora because it ends with 'lora'
2024-12-05 10:18:20 [MQTT Call: JavaClientExample] INFO  com.example.Main - 
Ignoring message from topic data/s/nhnacademy/b/gyeongnam_campus/p/hive/d/24e124785c389010/n/정수기 위/g/24e124fffef5dccc/e/lora because it ends with 'lora'
2024-12-05 10:18:20 [MQTT Call: JavaClientExample] INFO  com.example.Main - 
Ignoring message from topic data/s/nhnacademy/b/gyeongnam_campus/p/hive/d/24e124785c389010/n/정수기 위/g/24e124fffef79304/e/lora because it ends with 'lora'
2024-12-05 10:18:23 [MQTT Call: JavaClientExample] INFO  com.example.Main - 
Ignoring message from topic data/s/nhnacademy/b/gyeongnam_campus/p/meeting_room/d/24e124136d151836/n/안쪽벽 중앙/g/24e124fffef79304/e/lora because it ends with 'lora'
2024-12-05 10:18:23 [MQTT Call: JavaClientExample] INFO  com.example.Main - 
Ignoring message from topic data/s/nhnacademy/b/gyeongnam_campus/p/meeting_room/d/24e124136d151836/n/안쪽벽 중앙/g/24e124fffef5dccc/e/lora because it ends with 'lora'
2024-12-05 10:18:35 [MQTT Call: JavaClientExample] INFO  com.example.Main - 
Ignoring message from topic data/s/nhnacademy/b/gyeongnam_campus/p/storage/d/24e124136d151547/n/입구/g/24e124fffef5dccc/e/lora because it ends with 'lora'
2024-12-05 10:18:35 [MQTT Call: JavaClientExample] INFO  com.example.Main - 
Ignoring message from topic data/s/nhnacademy/b/gyeongnam_campus/p/storage/d/24e124136d151547/n/입구/g/24e124fffef79304/e/lora because it ends with 'lora'
2024-12-05 10:18:35 [MQTT Call: JavaClientExample] INFO  com.example.Main - 
Ignoring message from topic data/s/nhnacademy/b/gyeongnam_campus/p/storage/d/24e124136d151547/n/입구/g/24e124fffef79304/e/lora because it ends with 'lora'
2024-12-05 10:18:39 [MQTT Call: JavaClientExample] INFO  com.example.Main - 
Ignoring message from topic data/s/nhnacademy/b/gyeongnam_campus/p/office/d/24e124126c457594/n/냉장고 내부/g/24e124fffef79304/e/lora because it ends with 'lora'
2024-12-05 10:18:39 [MQTT Call: JavaClientExample] INFO  com.example.Main - 
Ignoring message from topic data/s/nhnacademy/b/gyeongnam_campus/p/office/d/24e124126c457594/n/냉장고 내부/g/24e124fffef5dccc/e/lora because it ends with 'lora'
2024-12-05 10:18:42 [MQTT Call: JavaClientExample] INFO  com.example.Main - 
Ignoring message from topic data/s/nhnacademy/b/gyeongnam_campus/p/office/d/24e124785c384491/n/배전판 옆/g/24e124fffef5dccc/e/lora because it ends with 'lora'
2024-12-05 10:18:42 [MQTT Call: JavaClientExample] INFO  com.example.Main - 
Ignoring message from topic data/s/nhnacademy/b/gyeongnam_campus/p/office/d/24e124785c384491/n/배전판 옆/g/24e124fffef79304/e/lora because it ends with 'lora'
2024-12-05 10:18:42 [MQTT Call: JavaClientExample] INFO  com.example.Main - 
Ignoring message from topic data/s/nhnacademy/b/gyeongnam_campus/p/server_room/d/24e124136d151368/n/입구/g/24e124fffef79304/e/lora because it ends with 'lora'
2024-12-05 10:18:42 [MQTT Call: JavaClientExample] INFO  com.example.Main - 
Ignoring message from topic data/s/nhnacademy/b/gyeongnam_campus/p/server_room/d/24e124136d151368/n/입구/g/24e124fffef79304/e/lora because it ends with 'lora'
2024-12-05 10:18:43 [MQTT Call: JavaClientExample] INFO  com.example.Main - 
Ignoring message from topic data/s/nhnacademy/b/gyeongnam_campus/p/hive/d/24e124725d081175/sp/8인 책상/n/8인 책상/g/24e124fffef5dccc/e/lora because it ends with 'lora'
2024-12-05 10:18:43 [MQTT Call: JavaClientExample] INFO  com.example.Main - 
Ignoring message from topic data/s/nhnacademy/b/gyeongnam_campus/p/hive/d/24e124725d081175/sp/8인 책상/n/8인 책상/g/24e124fffef79304/e/lora because it ends with 'lora'
2024-12-05 10:18:48 [MQTT Call: JavaClientExample] INFO  com.example.Main - 
Ignoring message from topic data/s/nhnacademy/b/gyeongnam_campus/p/hive/d/24e124126d111937/sp/farm/n/스마트팜/g/24e124fffef79304/e/lora because it ends with 'lora'
2024-12-05 10:18:48 [MQTT Call: JavaClientExample] INFO  com.example.Main - 
Ignoring message from topic data/s/nhnacademy/b/gyeongnam_campus/p/hive/d/24e124126d111937/sp/farm/n/스마트팜/g/24e124fffef5dccc/e/lora because it ends with 'lora'
2024-12-05 10:18:53 [MQTT Call: JavaClientExample] INFO  com.example.Main - 
Ignoring message from topic data/s/nhnacademy/b/gyeongnam_campus/p/class_a/d/24e124126d152969/n/왼쪽 뒤/g/24e124fffef5dccc/e/lora because it ends with 'lora'
2024-12-05 10:18:53 [MQTT Call: JavaClientExample] INFO  com.example.Main - 
Ignoring message from topic data/s/nhnacademy/b/gyeongnam_campus/p/class_a/d/24e124126d152969/n/왼쪽 뒤/g/24e124fffef79304/e/lora because it ends with 'lora'
2024-12-05 10:18:56 [MQTT Call: JavaClientExample] INFO  com.example.Main - 
Ignoring message from topic data/s/nhnacademy/b/gyeongnam_campus/p/pair_room/d/24e124617d159573/n/2/g/24e124fffef79304/e/lora because it ends with 'lora'
2024-12-05 10:18:56 [MQTT Call: JavaClientExample] INFO  com.example.Main - 
Ignoring message from topic data/s/nhnacademy/b/gyeongnam_campus/p/pair_room/d/24e124617d159573/n/2/g/24e124fffef5dccc/e/lora because it ends with 'lora'
2024-12-05 10:18:59 [MQTT Call: JavaClientExample] INFO  com.example.Main - 
Ignoring message from topic data/s/nhnacademy/b/gyeongnam_campus/p/hive/d/24e124126c452091/sp/farm/n/스마트팜/g/24e124fffef79304/e/lora because it ends with 'lora'
2024-12-05 10:18:59 [MQTT Call: JavaClientExample] INFO  com.example.Main - 
Ignoring message from topic data/s/nhnacademy/b/gyeongnam_campus/p/hive/d/24e124126c452091/sp/farm/n/스마트팜/g/24e124fffef5dccc/e/lora because it ends with 'lora'
2024-12-05 10:18:59 [MQTT Call: JavaClientExample] INFO  com.example.Main - 
Ignoring message from topic data/s/nhnacademy/b/gyeongnam_campus/p/hive/d/24e124126c452091/sp/farm/n/스마트팜/g/24e124fffef79304/e/lora because it ends with 'lora'
2024-12-05 10:19:08 [MQTT Rec: JavaClientExample] INFO  com.example.Main - 
Connection lost: 연결 유실
2024-12-05 10:19:39 [main] INFO  com.example.Main - 
Connecting to broker...
2024-12-05 10:19:39 [main] INFO  com.example.Main - 
Connected to broker!
2024-12-05 10:19:39 [main] INFO  com.example.Main - 
Subscribing to topic: data/#
2024-12-05 10:19:39 [main] INFO  com.example.Main - 
Type 'exit' to disconnect...
2024-12-05 10:19:42 [MQTT Call: JavaClientExample] INFO  com.example.Main - 
Ignoring message from topic data/s/nhnacademy/b/gyeongnam_campus/p/office/d/24e124785c384491/n/배전판 옆/g/24e124fffef79304/e/lora because it ends with 'lora'
2024-12-05 10:19:42 [MQTT Call: JavaClientExample] INFO  com.example.Main - 
Ignoring message from topic data/s/nhnacademy/b/gyeongnam_campus/p/office/d/24e124785c384491/n/배전판 옆/g/24e124fffef5dccc/e/lora because it ends with 'lora'
2024-12-05 10:19:42 [MQTT Call: JavaClientExample] INFO  com.example.Main - 
Ignoring message from topic data/s/nhnacademy/b/gyeongnam_campus/p/server_room/d/24e124136d151368/n/입구/g/24e124fffef79304/e/lora because it ends with 'lora'
2024-12-05 10:19:45 [MQTT Rec: JavaClientExample] INFO  com.example.Main - 
Connection lost: 연결 유실
2024-12-05 10:45:56 [main] INFO  com.example.Main - 
Connecting to broker...
2024-12-05 10:45:57 [main] INFO  com.example.Main - 
Connected to broker!
2024-12-05 10:45:57 [main] INFO  com.example.Main - 
Subscribing to topic: data/#
2024-12-05 10:45:57 [main] INFO  com.example.Main - 
Type 'exit' to disconnect...
2024-12-05 10:46:01 [MQTT Call: JavaClientExample] INFO  com.example.Main - 
Connection lost: MqttException
2024-12-05 10:47:05 [main] INFO  com.example.Main - 
Connecting to broker...
2024-12-05 10:47:06 [main] INFO  com.example.Main - 
Connected to broker!
2024-12-05 10:47:06 [main] INFO  com.example.Main - 
Subscribing to topic: data/#
2024-12-05 10:47:06 [main] INFO  com.example.Main - 
Type 'exit' to disconnect...
2024-12-05 10:47:17 [MQTT Call: JavaClientExample] INFO  com.example.Main - 
Connection lost: MqttException
2024-12-05 10:50:57 [main] INFO  com.example.Main - 
Connecting to broker...
2024-12-05 10:50:57 [main] INFO  com.example.Main - 
Connected to broker!
2024-12-05 10:50:57 [main] INFO  com.example.Main - 
Subscribing to topic: data/#
2024-12-05 10:50:57 [main] INFO  com.example.Main - 
Type 'exit' to disconnect...
2024-12-05 10:50:58 [MQTT Call: JavaClientExample] INFO  com.example.Main - 
Connection lost: MqttException
2024-12-05 10:51:03 [main] INFO  com.example.Main - 
Connecting to broker...
2024-12-05 10:51:03 [main] INFO  com.example.Main - 
Connected to broker!
2024-12-05 10:51:03 [main] INFO  com.example.Main - 
Subscribing to topic: data/#
2024-12-05 10:51:03 [main] INFO  com.example.Main - 
Type 'exit' to disconnect...
2024-12-05 10:51:08 [MQTT Call: JavaClientExample] INFO  com.example.Main - 
Connection lost: MqttException
2024-12-05 10:55:50 [main] INFO  com.example.Main - 
Connecting to broker...
2024-12-05 10:55:51 [main] INFO  com.example.Main - 
Connected to broker!
2024-12-05 10:55:51 [main] INFO  com.example.Main - 
Subscribing to topic: data/#
2024-12-05 10:55:51 [main] INFO  com.example.Main - 
Type 'exit' to disconnect...
2024-12-05 10:56:11 [MQTT Call: JavaClientExample] INFO  com.example.Main - 
Connection lost: MqttException
