2024-12-05 11:00:14 [main] INFO  com.example.Main - 
Connecting to broker...
2024-12-05 11:00:15 [main] INFO  com.example.Main - 
Connected to broker!
2024-12-05 11:00:15 [main] INFO  com.example.Main - 
Subscribing to topic: data/#
2024-12-05 11:00:15 [main] INFO  com.example.Main - 
Type 'exit' to disconnect...
2024-12-05 11:00:16 [MQTT Call: JavaClientExample] INFO  com.example.Main - 
Connection lost: MqttException
2024-12-05 11:01:47 [main] INFO  com.example.Main - 
Subscribing to topic: data/#
2024-12-05 11:01:55 [main] INFO  com.example.Main - 
Subscribing to topic: data/#
2024-12-05 11:02:03 [main] INFO  com.example.Main - 
Connecting to broker...
2024-12-05 11:02:04 [main] INFO  com.example.Main - 
Connected to broker!
2024-12-05 11:02:04 [main] INFO  com.example.Main - 
Subscribing to topic: data/#
2024-12-05 11:02:04 [main] INFO  com.example.Main - 
Type 'exit' to disconnect...
2024-12-05 11:02:10 [MQTT Call: JavaClientExample] INFO  com.example.Main - 
Connection lost: MqttException
